<?xml version="1.0" encoding="UTF-8"?>
<!-- Generated by org.testng.reporters.JUnitReportReporter -->
<testsuite hostname="Aparna" failures="0" tests="1" name="testCase.VerifyNewTourRegistration" time="8.839" errors="0" timestamp="2023-06-20T17:08:37 IST" skipped="0">
  <testcase classname="testCase.VerifyNewTourRegistration" name="verifyRegistrationLink" time="8.839"/>
  <system-out/>
</testsuite> <!-- testCase.VerifyNewTourRegistration -->
