<?xml version="1.0" encoding="UTF-8"?>
<!-- Generated by org.testng.reporters.JUnitReportReporter -->
<testsuite hostname="Aparna" failures="0" tests="1" name="testCase.VerifyOmayoBlogHomePage" time="9.653" errors="0" timestamp="2023-05-07T18:51:32 IST" skipped="0">
  <testcase classname="testCase.VerifyOmayoBlogHomePage" name="verifyOmayoHomePage" time="9.653"/>
  <system-out/>
</testsuite> <!-- testCase.VerifyOmayoBlogHomePage -->
