<?xml version="1.0" encoding="UTF-8"?>
<!-- Generated by org.testng.reporters.JUnitReportReporter -->
<testsuite hostname="Aparna" failures="0" tests="1" name="testCase.VerifyMultiselectDropDownFuntionality" time="6.114" errors="0" timestamp="2023-08-12T14:55:46 IST" skipped="0">
  <testcase classname="testCase.VerifyMultiselectDropDownFuntionality" name="VerifyMultiselectDropDown" time="6.114"/>
  <system-out/>
</testsuite> <!-- testCase.VerifyMultiselectDropDownFuntionality -->
