<?xml version="1.0" encoding="UTF-8"?>
<!-- Generated by org.testng.reporters.JUnitReportReporter -->
<testsuite hostname="Aparna" failures="0" tests="1" name="selenium.topics.WindowExample" time="22.822" errors="0" timestamp="2023-08-03T23:54:08 IST" skipped="0">
  <testcase classname="selenium.topics.WindowExample" name="test_CloseAllWindowsExceptMainWindow" time="22.822"/>
  <system-out/>
</testsuite> <!-- selenium.topics.WindowExample -->
