<?xml version="1.0" encoding="UTF-8"?>
<!-- Generated by org.testng.reporters.JUnitReportReporter -->
<testsuite hostname="Aparna" failures="0" tests="1" name="testCase.VerifyCheckBoxAndRadioButton" time="6.271" errors="0" timestamp="2023-08-22T14:14:21 IST" skipped="0">
  <testcase classname="testCase.VerifyCheckBoxAndRadioButton" name="VerifyCheckBoxAndRadioButtonBehaviours" time="6.271"/>
  <system-out/>
</testsuite> <!-- testCase.VerifyCheckBoxAndRadioButton -->
