<?xml version="1.0" encoding="UTF-8"?>
<!-- Generated by org.testng.reporters.JUnitReportReporter -->
<testsuite hostname="Aparna" failures="0" tests="1" name="testCase.TestCaseForReadExcelData" time="9.912" errors="0" timestamp="2023-05-07T19:06:28 IST" skipped="0">
  <testcase classname="testCase.TestCaseForReadExcelData" name="verifyRegistrationLink" time="9.912"/>
  <system-out/>
</testsuite> <!-- testCase.TestCaseForReadExcelData -->
