<?xml version="1.0" encoding="UTF-8"?>
<!-- Generated by org.testng.reporters.JUnitReportReporter -->
<testsuite hostname="Aparna" failures="0" tests="1" name="testCase.TestCaseForReadExcelData" time="14.316" errors="0" timestamp="2023-08-15T01:32:46 IST" skipped="0">
  <testcase classname="testCase.TestCaseForReadExcelData" name="verifyRegistrationLink" time="14.316"/>
  <system-out/>
</testsuite> <!-- testCase.TestCaseForReadExcelData -->
