<?xml version="1.0" encoding="UTF-8"?>
<!-- Generated by org.testng.reporters.JUnitReportReporter -->
<testsuite hostname="Aparna" failures="0" tests="1" name="testCase.DatePickerExample" time="17.055" errors="0" timestamp="2023-05-12T14:11:21 IST" skipped="0">
  <testcase classname="testCase.DatePickerExample" name="setUp" time="17.055"/>
  <system-out/>
</testsuite> <!-- testCase.DatePickerExample -->
