<?xml version="1.0" encoding="UTF-8"?>
<!-- Generated by org.testng.reporters.JUnitReportReporter -->
<testsuite hostname="Aparna" failures="0" tests="1" name="testCase.VerifyCheckBoxAndRadioButton" time="11.888" errors="0" timestamp="2023-05-11T23:31:34 IST" skipped="0">
  <testcase classname="testCase.VerifyCheckBoxAndRadioButton" name="VerifyCheckBoxAndRadioButtonBehaviours" time="11.888"/>
  <system-out/>
</testsuite> <!-- testCase.VerifyCheckBoxAndRadioButton -->
