<?xml version="1.0" encoding="UTF-8"?>
<!-- Generated by org.testng.reporters.JUnitReportReporter -->
<testsuite hostname="Aparna" failures="0" tests="1" name="selenium.topics.TargetSignInUsingWindowHandling" time="12.021" errors="0" timestamp="2023-06-16T19:58:03 IST" skipped="0">
  <testcase classname="selenium.topics.TargetSignInUsingWindowHandling" name="verifySignIn" time="12.021"/>
  <system-out/>
</testsuite> <!-- selenium.topics.TargetSignInUsingWindowHandling -->
