<?xml version="1.0" encoding="UTF-8"?>
<!-- Generated by org.testng.reporters.JUnitReportReporter -->
<testsuite hostname="Aparna" failures="0" tests="1" name="testCase.VerifyNewTourRegistration" time="10.444" errors="0" timestamp="2023-05-11T15:52:41 IST" skipped="0">
  <testcase classname="testCase.VerifyNewTourRegistration" name="verifyRegistrationLink" time="10.444"/>
  <system-out>
    <![CDATA[Test case startedverifyRegistrationLink
Test case succededverifyRegistrationLink]]>
  </system-out>
</testsuite> <!-- testCase.VerifyNewTourRegistration -->
