<?xml version="1.0" encoding="UTF-8"?>
<!-- Generated by org.testng.reporters.JUnitReportReporter -->
<testsuite hostname="Aparna" failures="0" tests="3" name="testCase.VerifyApplicationHomePageTitle" time="16.021" errors="0" timestamp="2023-05-06T09:33:32 IST" skipped="0">
  <testcase classname="testCase.VerifyApplicationHomePageTitle" name="textInSerachTextField" time="4.865"/>
  <system-out/>
  <testcase classname="testCase.VerifyApplicationHomePageTitle" name="searchTextBox" time="5.122"/>
  <system-out/>
  <testcase classname="testCase.VerifyApplicationHomePageTitle" name="verifyPageTitle" time="6.034"/>
  <system-out/>
</testsuite> <!-- testCase.VerifyApplicationHomePageTitle -->
