<?xml version="1.0" encoding="UTF-8"?>
<!-- Generated by org.testng.reporters.JUnitReportReporter -->
<testsuite hostname="Aparna" failures="0" tests="1" name="testCase.VerifyPageNavigation" time="12.146" errors="0" timestamp="2023-08-12T19:33:40 IST" skipped="0">
  <testcase classname="testCase.VerifyPageNavigation" name="verifyNavigation" time="12.146"/>
  <system-out/>
</testsuite> <!-- testCase.VerifyPageNavigation -->
