<?xml version="1.0" encoding="UTF-8"?>
<!-- Generated by org.testng.reporters.JUnitReportReporter -->
<testsuite hostname="Aparna" failures="0" tests="1" name="testCase.VerifyCheckBoxAndRadioButton" time="8.592" errors="0" timestamp="2023-05-07T18:52:30 IST" skipped="0">
  <testcase classname="testCase.VerifyCheckBoxAndRadioButton" name="VerifyCheckBoxAndRadioButtonBehaviours" time="8.592"/>
  <system-out/>
</testsuite> <!-- testCase.VerifyCheckBoxAndRadioButton -->
