<?xml version="1.0" encoding="UTF-8"?>
<!-- Generated by org.testng.reporters.JUnitReportReporter -->
<testsuite hostname="Aparna" failures="0" tests="1" name="testCase.VerifyApplicationHomePageTitle" time="7.754" errors="0" timestamp="2023-05-11T17:00:46 IST" skipped="0">
  <testcase classname="testCase.VerifyApplicationHomePageTitle" name="verifyPageTitle" time="7.754"/>
  <system-out>
    <![CDATA[Test case startedverifyPageTitle
Test case succededverifyPageTitle]]>
  </system-out>
</testsuite> <!-- testCase.VerifyApplicationHomePageTitle -->
