<?xml version="1.0" encoding="UTF-8"?>
<!-- Generated by org.testng.reporters.JUnitReportReporter -->
<testsuite hostname="Aparna" failures="0" tests="1" name="testCase.VerifyCheckBoxAndRadioButton" time="5.901" errors="0" timestamp="22 Aug 2023 08:45:45 GMT" skipped="0">
  <testcase classname="testCase.VerifyCheckBoxAndRadioButton" name="VerifyCheckBoxAndRadioButtonBehaviours" time="5.901"/>
</testsuite> <!-- testCase.VerifyCheckBoxAndRadioButton -->
