<?xml version="1.0" encoding="UTF-8"?>
<!-- Generated by org.testng.reporters.JUnitReportReporter -->
<testsuite hostname="Aparna" failures="0" tests="1" name="testCase.VerifyApplicationHomePageTitle" time="62.032" errors="0" timestamp="11 May 2023 16:23:43 GMT" skipped="0">
  <testcase classname="testCase.VerifyApplicationHomePageTitle" name="verifyPageTitle" time="62.032"/>
</testsuite> <!-- testCase.VerifyApplicationHomePageTitle -->
