<?xml version="1.0" encoding="UTF-8"?>
<!-- Generated by org.testng.reporters.JUnitReportReporter -->
<testsuite hostname="Aparna" failures="0" tests="1" name="testCase.VerifyApplicationHomePageTitle" time="6.622" errors="0" timestamp="22 Aug 2023 08:45:45 GMT" skipped="0">
  <testcase classname="testCase.VerifyApplicationHomePageTitle" name="verifyPageTitle" time="6.622"/>
</testsuite> <!-- testCase.VerifyApplicationHomePageTitle -->
